2021-04-19 21:45:08.798 INFO [MainProcess-18044] [MainThread-556] [analyse.<module>] From F:/毕设/Malaysian-Character-Knowledge-Graph/src/analyse.py[line:39]: {
   "Football Player": 7935,
   "Person": 5996,
   "Musical Artist": 1540,
   "Officeholder": 1132,
   "Actor": 1052,
   "Politician": 850,
   "Scientist": 450,
   "Royalty": 420,
   "Writer": 230,
   "President": 214,
   "Sports Player": 170,
   "Military Person": 148,
   "Pageant Titleholder": 126,
   "Prime Minister": 119,
   "Indonesia Artist": 113,
   "F1 Driver": 94,
   "Chinese Actor And Singer": 85,
   "Monarch": 81,
   "Astronaut": 80,
   "Sport Person": 59,
   "Comedian": 48,
   "Artist": 48,
   "Model": 44,
   "Adult Biography": 44,
   "YouTube Personality": 27,
   "Philosopher": 27,
   "Racing Driver": 25,
   "Economist": 24,
   "Member of Parliament": 23,
   "Criminal": 19,
   "Governor": 18,
   "Christian Leader": 16,
   "Tennis Player": 14,
   "Field Hockey Player": 14,
   "Architect": 13,
   "Cyclist": 12,
   "Comics Creator": 11,
   "Celebrity": 10,
   "Engineer": 9,
   "Wrestler": 8,
   "Religious Biography": 7,
   "Boxer": 7,
   "Muslim Scholar": 5,
   "Squash Player": 5,
   "Motorcycle Rider": 5,
   "Archbishop": 5,
   "Vice President": 4,
   "Golfer": 4,
   "War Detainee": 4,
   "Basketball Biography": 4,
   "Cabinet Officer": 3,
   "Judge": 3,
   "Swimmer": 3,
   "First Lady": 3,
   "Football Official": 3,
   "Assembly Member": 3,
   "Gymnast": 3,
   "Martial Artist": 3,
   "Minister": 3,
   "Spy": 2,
   "Video Game Player": 2,
   "Senator": 1,
   "Journalist": 1,
   "Handball Player": 1,
   "Fashion Designer": 1,
   "Indian Politician": 1,
   "Twitch Streamer": 1
}
2021-04-19 21:45:08.798 INFO [MainProcess-18044] [MainThread-556] [analyse.<module>] From F:/毕设/Malaysian-Character-Knowledge-Graph/src/analyse.py[line:40]: {
   "Birth(出生信息)": 18839,
   "Name(名字)": 11624,
   "Alias(别名)": 9591,
   "Position(运动员定位)": 7842,
   "Clubs(服役俱乐部)": 7769,
   "Occupation(职业/工作)": 7635,
   "Years Active(活跃年份)": 5102,
   "Spouse(配偶)": 4661,
   "Death(死亡信息)": 3224,
   "Children(孩子)": 3203,
   "Office(重要职务)": 2895,
   "Height(身高)": 2709,
   "Nationality(国籍/民族)": 2576,
   "Alma Mater(母校)": 2270,
   "National Team(服役国家队)": 2113,
   "Party(政党)": 1789,
   "Current Club(目前俱乐部)": 1749,
   "Genre(体裁/类型（文学、艺术、电影或音乐的）)": 1740,
   "Honorific Prefix(尊称前缀)": 1585,
   "Website(网站)": 1554,
   "Label(唱片公司)": 1292,
   "Club Number(运动员编号)": 1236,
   "Residence(住宅/(尤指)豪宅)": 1213,
   "Religion(宗教)": 1206,
   "Instruments(乐器)": 1137,
   "Honorific Suffix(尊称后缀)": 1127,
   "Associated Acts(相关艺术家/相关表演者)": 1104,
   "Education(教育)": 1089,
   "Known For(著名)": 1048,
   "Awards(奖项)": 1021,
   "Youth Clubs(服役青年俱乐部)": 993,
   "Relatives(关系)": 973,
   "Parents(父母)": 858,
   "Father(父亲)": 759,
   "Mother(母亲)": 711,
   "Title(头衔/职称)": 697,
   "Origin(出身/身世/血统)": 570,
   "Family(家庭/亲属)": 510,
   "Fields(领域)": 468,
   "Citizenship(公民/公民身份)": 339,
   "Location(表演场地/外景拍摄地)": 334,
   "Institutions(机构（包括大学、银行等规模大的机构以及代理机构和工作机构）)": 305,
   "Rank(等级/军衔)": 304,
   "Notable Works(著名作品)": 299,
   "Agent(经纪人)": 292,
   "Allegiance((对政党、宗教、统治者的)忠诚/效忠)": 262,
   "Manager Clubs(管理俱乐部)": 248,
   "Service Years(服务年限)": 244,
   "Partner(伙伴/搭档/合伙人)": 237,
   "Doctoral Advisors(博士生导师)": 227,
   "Weight(体重)": 218,
   "Event(比赛项目)": 205,
   "Home Town(家乡)": 197,
   "Notable Roles(著名角色)": 197,
   "Medal(奖牌)": 182,
   "Style(风格)": 175,
   "Net Worth(净值)": 174,
   "Influences(影响)": 166,
   "Hair Color(发色)": 160,
   "Eye Color(眼睛颜色)": 157,
   "Workplace(工作地)": 152,
   "Employer(雇主)": 141,
   "Ethnicity(种族)": 138,
   "Competition(比赛信息)": 125,
   "Doctoral Students(博士生)": 124,
   "Influenced(受影响)": 123,
   "Wins(获胜次数)": 122,
   "Status(状态)": 121,
   "Branch(分支部门)": 117,
   "Country(国家)": 117,
   "Battles(战争)": 114,
   "Poles(极点)": 105,
   "Fastest Laps(最快圈速)": 104,
   "Teams(团队/队伍)": 103,
   "Total Goals(总进球数)": 101,
   "Thesis(论文)": 100,
   "Total Caps(总出场数)": 100,
   "Language(语言)": 96,
   "Races(竞赛信息)": 90,
   "First Race(第一场竞赛)": 90,
   "Podiums(领奖台次数)": 90,
   "Points(点/分)": 90,
   "Championships(锦标赛)": 86,
   "Gender(性别)": 85,
   "Period((人生或国家历史的)时期)": 82,
   "Salary(薪资)": 79,
   "Movement((具有共同思想或目标的)运动)": 77,
   "Space Time(舱外活动时间)": 75,
   "Last Race(最后一场竞赛)": 72,
   "Coach(教练)": 66,
   "Subject(学科)": 62,
   "Selection(选拔)": 62,
   "Unit(部队)": 56,
   "Mission(使命)": 54,
   "Cabinet(内阁)": 51,
   "Medium((传播信息的)媒介)": 48,
   "Academic Advisors(学术顾问)": 47,
   "Television(电视节目)": 45,
   "Sports(运动项目)": 44,
   "Ancestry(祖籍)": 42,
   "Notable Students(著名学生)": 40,
   "Philosophy(哲学)": 39,
   "Interests(兴趣)": 38,
   "Last Win(最后一次胜利)": 38,
   "First Win(第一次胜利)": 38,
   "Last Season(最后一个赛季)": 37,
   "Last Position(最后位置)": 37,
   "Notable Instruments(著名乐器)": 36,
   "Motto(座右铭)": 33,
   "Titles(冠军)": 31,
   "Current Team(目前团队)": 30,
   "Works(作品)": 29,
   "Views(观看数)": 27,
   "Subscribers(订阅者)": 27,
   "Channel Name(频道名)": 24,
   "Retirement Date(退休时间)": 24,
   "Notable Ideas(著名想法)": 23,
   "Current Members(现有成员)": 22,
   "Measurements(三围)": 22,
   "Prev Series(以前系列)": 22,
   "Training(训练/培训)": 21,
   "Boards(董事会)": 20,
   "First Year(第一个系列)": 19,
   "Network(网络)": 18,
   "Car Number(车号)": 18,
   "Channel Url(频道链接)": 17,
   "Best Finish(最好战绩)": 17,
   "Roles(角色)": 17,
   "Current Series(目前系列)": 17,
   "Previous Occupation(以前的职业)": 17,
   "Contributions(贡献)": 17,
   "Turned Pro(成为职业选手/专业选手)": 16,
   "Starts(第一次数)": 16,
   "Eva(舱外活动)": 16,
   "Penalty(刑罚/处罚)": 15,
   "School(学校)": 14,
   "Voice Type(声音类型)": 14,
   "Highest Singles Ranking(最高单打排名)": 14,
   "Doubles Titles(双打冠军)": 14,
   "Highest Doubles Ranking(最高双打排名)": 14,
   "Career Prize Money(职业奖金)": 14,
   "Singles Titles(单打冠军)": 13,
   "Buildings(建筑物)": 12,
   "Number Films(电影数目)": 12,
   "Projects(项目)": 12,
   "Past Members(过去成员)": 11,
   "Singles Record(单打纪录)": 11,
   "Pro Team(专业团队)": 11,
   "Conviction(定罪)": 11,
   "Motive(动机)": 11,
   "Doubles Record(双打记录)": 10,
   "Former Teams(著名团队/队伍)": 10,
   "Debut(首次亮相)": 9,
   "Ko(ko胜利次数)": 9,
   "Losses(失败次数)": 9,
   "Charge(指控)": 8,
   "Total(总次数)": 8,
   "Draws(平局次数)": 8,
   "Major Wins(重大胜利)": 7,
   "Tag(标签)": 7,
   "Trainer(训练员/助理教练)": 6,
   "Current Singles Ranking(目前单打排名)": 6,
   "Victims(受害人)": 6,
   "Date Of Current Ranking(目前排名日期)": 5,
   "Date Of Highest Ranking(最高排名日期)": 5,
   "Highest Ranking(最高排名)": 5,
   "Current Ranking(目前排名)": 5,
   "Bike Number(自行车号码)": 5,
   "Shoe Size(鞋子尺码)": 5,
   "Tour(巡回比赛)": 4,
   "Racquet(球拍)": 4,
   "League(联盟)": 4,
   "Career Start(职业生涯开始)": 4,
   "Detained At(拘留处)": 4,
   "Highlights(高光时刻)": 4,
   "Games(游戏)": 4,
   "Denomination(教派/宗派)": 3,
   "Debut Works(处女作)": 3,
   "Draft Team(选秀队)": 3,
   "Draft Year(选秀年份)": 3,
   "Dress Size(服装尺码)": 3,
   "Sibling(兄弟姐妹)": 3,
   "International League(国际联盟)": 3,
   "Mixed Titles(混打冠军)": 3,
   "Head Coach(总教练)": 3,
   "Draft Pick(选秀选择)": 3,
   "Career End(职业生涯结束)": 3,
   "Statistics(统计信息)": 3,
   "Mixed Record(混打记录)": 3,
   "Finals(决赛)": 2,
   "Blood Type(血型)": 2,
   "Service(服务)": 2,
   "Weight Class(重量级)": 2,
   "Current Doubles Ranking(目前双打排名)": 2,
   "Last Series(最后一个系列)": 2,
   "Career Number(职业生涯号码)": 2,
   "Career Position(职业生涯位置)": 2,
   "Draft Round(选秀回合)": 2,
   "Coach Teams(教练团队/队伍)": 2,
   "Draft(选秀)": 1,
   "Films(电影)": 1,
   "Fan Club(粉丝俱乐部)": 1,
   "Car(汽车)": 1,
   "Orientation(性取向)": 1,
   "Arrest Place(逮捕地点)": 1,
   "Arrest Date(逮捕日期)": 1,
   "Arresting Authority(逮捕机关)": 1,
   "College Team(大学团队)": 1,
   "Department(部门)": 1,
   "Catchphrase(口号)": 1,
   "Coach Start(教练生涯开始)": 1,
   "Coach End(教练生涯结束)": 1,
   "Followers(关注者)": 1
}
2021-04-19 21:45:08.800 INFO [MainProcess-18044] [MainThread-556] [analyse.<module>] From F:/毕设/Malaysian-Character-Knowledge-Graph/src/analyse.py[line:41]: total num: 25489
2021-04-19 21:45:08.800 INFO [MainProcess-18044] [MainThread-556] [analyse.<module>] From F:/毕设/Malaysian-Character-Knowledge-Graph/src/analyse.py[line:42]: info num: 19781
